iter:    1 f: 4.1240e+03 |c|: 1.0910e+01
iter:    2 f: 5.4440e+02 |c|: 5.4419e+00 |T|: 7.4434e+03
iter:    3 f: 7.1518e+01 |c|: 0.0000e+00 |T|: 4.7078e+02
iter:    4 f: 4.9322e+00 |c|: 1.5386e-01 |T|: 3.6380e+02
iter:    5 f: 5.6430e-02 |c|: 0.0000e+00 |T|: 7.6353e+01
iter:    6 f: 9.8092e-03 |c|: 0.0000e+00 |T|: 7.8828e+00
iter:    7 f: 9.7693e-03 |c|: 0.0000e+00 |T|: 1.4968e-01
iter:    8 f: 9.7579e-03 |c|: 0.0000e+00 |T|: 1.2742e-01
iter:    9 f: 9.6836e-03 |c|: 0.0000e+00 |T|: 1.5722e-01
iter:   10 f: 9.2685e-03 |c|: 0.0000e+00 |T|: 2.2423e-01
iter:   11 f: 8.6823e-03 |c|: 4.0425e-05 |T|: 3.3495e-01
iter:   12 f: 8.6240e-03 |c|: 7.8270e-08 |T|: 3.0066e-01
iter:   13 f: 8.6156e-03 |c|: 2.1756e-08 |T|: 1.0506e-01
iter:   14 f: 8.6157e-03 |c|: 1.7764e-15 |T|: 2.9848e-05
$ L1SQP
$ n: 2
$ m: 0
$ p: 1
$ f: 8.6156506599e-03
$ |c|: 1.77636e-15
$ |T|: 3.71617e-09
$ exit code: 0
$ iterations: 14
$ function evaluations: 26
$ gradient evaluations: 14
$ second-order corrections: 0
$ QP problems: 14
 exit_code:            0
 x:           0.90723395858406231       0.82275545843944042     
